<?xml version="1.0" encoding="UTF-8"?>
<!-- Generated by org.testng.reporters.JUnitReportReporter -->
<testsuite skipped="0" hostname="DESKTOP-A7F42VU" name="testcase.PostRequest" tests="1" failures="0" timestamp="21 Oct 2020 10:26:25 GMT" time="8.647" errors="0">
  <testcase name="test_03" time="8.647" classname="testcase.PostRequest"/>
</testsuite> <!-- testcase.PostRequest -->
