<?xml version="1.0" encoding="UTF-8"?>
<!-- Generated by org.testng.reporters.JUnitReportReporter -->
<testsuite skipped="0" hostname="DESKTOP-A7F42VU" name="com.org.api.TestApi" tests="1" failures="0" timestamp="19 Oct 2020 13:45:05 GMT" time="2.243" errors="0">
  <testcase name="test_01" time="2.243" classname="com.org.api.TestApi"/>
</testsuite> <!-- com.org.api.TestApi -->
