<?xml version="1.0" encoding="UTF-8"?>
<!-- Generated by org.testng.reporters.JUnitReportReporter -->
<testsuite skipped="0" hostname="DESKTOP-A7F42VU" name="testcase.TestApi" tests="1" failures="0" timestamp="19 Oct 2020 13:51:52 GMT" time="1.600" errors="0">
  <testcase name="test_01" time="1.600" classname="testcase.TestApi"/>
</testsuite> <!-- testcase.TestApi -->
